<?xml version="1.0" encoding="UTF-8"?>
<!-- Generated by org.testng.reporters.JUnitXMLReporter -->
<testsuite ignored="0" hostname="DESKTOP-T0ISSGE" failures="0" tests="4" name="Default test" time="2.284" errors="0" timestamp="2026-03-18T09:45:38 IST">
  <testcase classname="com.alert.InValidTest" name="invalidTesting" time="0.413"/>
  <testcase classname="com.alert.InValidTest" name="invalidTesting" time="0.282"/>
  <testcase classname="com.alert.InValidTest" name="invalidTesting" time="0.278"/>
  <testcase classname="com.alert.InValidTest" name="invalidTesting" time="0.238"/>
</testsuite> <!-- Default test -->
