<?xml version="1.0" encoding="UTF-8"?>
<testng-results ignored="0" total="4" passed="4" failed="0" skipped="0">
  <reporter-output>
  </reporter-output>
  <suite started-at="2026-03-18T09:45:36 IST" name="Default suite" finished-at="2026-03-18T09:45:38 IST" duration-ms="2284">
    <groups>
    </groups>
    <test started-at="2026-03-18T09:45:36 IST" name="Default test" finished-at="2026-03-18T09:45:38 IST" duration-ms="2284">
      <class name="com.alert.InValidTest">
        <test-method is-config="true" signature="startTesting()[pri:0, instance:com.alert.InValidTest@302552ec]" started-at="2026-03-18T09:45:34 IST" name="startTesting" finished-at="2026-03-18T09:45:36 IST" duration-ms="2519" status="PASS">
          <reporter-output>
          </reporter-output>
        </test-method> <!-- startTesting -->
        <test-method signature="invalidTesting(java.lang.String,java.lang.String)[pri:0, instance:com.alert.InValidTest@302552ec]" started-at="2026-03-18T09:45:37 IST" name="invalidTesting" data-provider="invalid" finished-at="2026-03-18T09:45:38 IST" duration-ms="413" status="PASS">
          <params>
            <param index="0">
              <value>
                <![CDATA[worng-user]]>
              </value>
            </param>
            <param index="1">
              <value>
                <![CDATA[wse234]]>
              </value>
            </param>
          </params>
          <reporter-output>
          </reporter-output>
        </test-method> <!-- invalidTesting -->
        <test-method signature="invalidTesting(java.lang.String,java.lang.String)[pri:0, instance:com.alert.InValidTest@302552ec]" started-at="2026-03-18T09:45:38 IST" name="invalidTesting" data-provider="invalid" finished-at="2026-03-18T09:45:38 IST" duration-ms="282" status="PASS">
          <params>
            <param index="0">
              <value>
                <![CDATA[standard_user]]>
              </value>
            </param>
            <param index="1">
              <value>
                <![CDATA[rt4566]]>
              </value>
            </param>
          </params>
          <reporter-output>
          </reporter-output>
        </test-method> <!-- invalidTesting -->
        <test-method signature="invalidTesting(java.lang.String,java.lang.String)[pri:0, instance:com.alert.InValidTest@302552ec]" started-at="2026-03-18T09:45:38 IST" name="invalidTesting" data-provider="invalid" finished-at="2026-03-18T09:45:38 IST" duration-ms="278" status="PASS">
          <params>
            <param index="0">
              <value>
                <![CDATA[user-worng]]>
              </value>
            </param>
            <param index="1">
              <value>
                <![CDATA[secret_sauce]]>
              </value>
            </param>
          </params>
          <reporter-output>
          </reporter-output>
        </test-method> <!-- invalidTesting -->
        <test-method signature="invalidTesting(java.lang.String,java.lang.String)[pri:0, instance:com.alert.InValidTest@302552ec]" started-at="2026-03-18T09:45:38 IST" name="invalidTesting" data-provider="invalid" finished-at="2026-03-18T09:45:38 IST" duration-ms="238" status="PASS">
          <params>
            <param index="0">
              <value>
                <![CDATA[""]]>
              </value>
            </param>
            <param index="1">
              <value>
                <![CDATA[""]]>
              </value>
            </param>
          </params>
          <reporter-output>
          </reporter-output>
        </test-method> <!-- invalidTesting -->
        <test-method is-config="true" signature="closeBrowser()[pri:0, instance:com.alert.InValidTest@302552ec]" started-at="2026-03-18T09:45:38 IST" name="closeBrowser" finished-at="2026-03-18T09:45:38 IST" duration-ms="132" status="PASS">
          <reporter-output>
          </reporter-output>
        </test-method> <!-- closeBrowser -->
      </class> <!-- com.alert.InValidTest -->
    </test> <!-- Default test -->
  </suite> <!-- Default suite -->
</testng-results>
