<?xml version="1.0" encoding="UTF-8"?>
<!-- Generated by org.testng.reporters.JUnitReportReporter -->
<testsuite hostname="DESKTOP-T0ISSGE" failures="0" tests="4" name="com.alert.InValidTest" time="1.211" errors="0" timestamp="2026-03-18T09:45:39 IST" skipped="0">
  <testcase classname="com.alert.InValidTest" name="invalidTesting" time="0.282"/>
  <testcase classname="com.alert.InValidTest" name="invalidTesting" time="0.278"/>
  <testcase classname="com.alert.InValidTest" name="invalidTesting" time="0.238"/>
  <testcase classname="com.alert.InValidTest" name="invalidTesting" time="0.413"/>
</testsuite> <!-- com.alert.InValidTest -->
