<?xml version="1.0" encoding="UTF-8"?>
<!-- Generated by org.testng.reporters.JUnitReportReporter -->
<testsuite hostname="DESKTOP-T0ISSGE" failures="0" tests="3" name="com.alert.TestAlert" time="0.590" errors="0" timestamp="2026-03-12T10:19:24 IST" skipped="0">
  <testcase classname="com.alert.TestAlert" name="testAlert" time="0.227"/>
  <testcase classname="com.alert.TestAlert" name="testConfirm" time="0.187"/>
  <testcase classname="com.alert.TestAlert" name="testPrompt" time="0.176"/>
</testsuite> <!-- com.alert.TestAlert -->
